<?xml version="1.0" encoding="UTF-8"?>
<!-- Generated by org.testng.reporters.JUnitReportReporter -->
<testsuite skipped="0" hostname="Josephs-MacBoo.local" name="FBkPOModel.FBkRunner" tests="1" failures="0" timestamp="2022-05-13T20:19:13 WAT" time="19.769" errors="0">
  <testcase name="startTest" time="19.769" classname="FBkPOModel.FBkRunner"/>
  <system-out/>
</testsuite> <!-- FBkPOModel.FBkRunner -->
